<?xml version="1.0" encoding="UTF-8"?>
<!-- Generated by org.testng.reporters.JUnitReportReporter -->
<testsuite hostname="HIBAMM105441.local" failures="0" tests="1" name="Qualicoach1.Automation1.VerifyEnroll" time="53.433" errors="0" timestamp="2021-10-19T19:13:33 IST" skipped="0">
  <testcase classname="Qualicoach1.Automation1.VerifyEnroll" name="AddUserTest" time="53.433"/>
  <system-out/>
</testsuite> <!-- Qualicoach1.Automation1.VerifyEnroll -->
