<?xml version="1.0" encoding="UTF-8"?>
<!-- Generated by org.testng.reporters.JUnitReportReporter -->
<testsuite hostname="HIBAMM105441.local" failures="0" tests="2" name="Qualicoach1.Automation1.VerifyLogin" time="29.962" errors="0" timestamp="2021-10-20T22:30:19 IST" skipped="0">
  <testcase classname="Qualicoach1.Automation1.VerifyLogin" name="firstTest" time="15.416"/>
  <system-out/>
  <testcase classname="Qualicoach1.Automation1.VerifyLogin" name="firstTest" time="14.546"/>
  <system-out/>
</testsuite> <!-- Qualicoach1.Automation1.VerifyLogin -->
