<?xml version="1.0" encoding="UTF-8"?>
<!-- Generated by org.testng.reporters.JUnitReportReporter -->
<testsuite hostname="HIBAMM105441.local" failures="0" tests="2" name="Qualicoach1.Automation1.VerifyLogin" time="49.778" errors="0" timestamp="2021-10-19T19:01:20 IST" skipped="0">
  <testcase classname="Qualicoach1.Automation1.VerifyLogin" name="firstTest" time="11.313"/>
  <system-out/>
  <testcase classname="Qualicoach1.Automation1.VerifyLogin" name="firstTest" time="38.465"/>
  <system-out/>
</testsuite> <!-- Qualicoach1.Automation1.VerifyLogin -->
