<?xml version="1.0" encoding="UTF-8"?>
<!-- Generated by org.testng.reporters.JUnitReportReporter -->
<testsuite hostname="HIBAMM105441.local" failures="0" tests="1" name="Qualicoach1.Automation1.VerifyDeleteUser" time="78.895" errors="0" timestamp="2021-10-20T22:30:19 IST" skipped="0">
  <testcase classname="Qualicoach1.Automation1.VerifyDeleteUser" name="VerifyDeleteTest" time="78.895"/>
  <system-out/>
</testsuite> <!-- Qualicoach1.Automation1.VerifyDeleteUser -->
