<?xml version="1.0" encoding="UTF-8"?>
<!-- Generated by org.testng.reporters.JUnitReportReporter -->
<testsuite hostname="HIBAMM105441.local" failures="0" tests="1" name="studentmodule.Studenttest" time="48.762" errors="0" timestamp="2021-10-20T13:14:37 IST" skipped="0">
  <testcase classname="studentmodule.Studenttest" name="quiztest" time="48.762"/>
  <system-out/>
</testsuite> <!-- studentmodule.Studenttest -->
