<?xml version="1.0" encoding="UTF-8"?>
<!-- Generated by org.testng.reporters.JUnitReportReporter -->
<testsuite hostname="HIBAMM105441.local" failures="0" tests="1" name="Qualicoach1.Automation1.VerifyCourse" time="70.284" errors="0" timestamp="2021-10-19T19:07:25 IST" skipped="0">
  <testcase classname="Qualicoach1.Automation1.VerifyCourse" name="VerifyUserTest" time="70.284"/>
  <system-out/>
</testsuite> <!-- Qualicoach1.Automation1.VerifyCourse -->
