<?xml version="1.0" encoding="UTF-8"?>
<!-- Generated by org.testng.reporters.JUnitReportReporter -->
<testsuite hostname="HIBAMM105441.local" failures="0" tests="1" name="Qualicoach1.Automation1.verifyDownload" time="45.963" errors="0" timestamp="2021-10-19T19:11:02 IST" skipped="0">
  <testcase classname="Qualicoach1.Automation1.verifyDownload" name="DownloadTest" time="45.963"/>
  <system-out/>
</testsuite> <!-- Qualicoach1.Automation1.verifyDownload -->
